[2026-03-09 00:00:32] HTTP error 401: {"Message":"Authorization has been denied for this request."}
[2026-03-09 00:01:30] No new listings [목걸이 적주피/추피]. Current matching count: 10
[2026-03-09 00:01:30] No new listings [귀걸이 공퍼/무공퍼]. Current matching count: 17
[2026-03-09 00:01:30] No new listings [반지 치적/치피]. Current matching count: 25
[2026-03-09 00:01:32] HTTP error 401: {"Message":"Authorization has been denied for this request."}
[2026-03-09 00:02:31] No new listings [목걸이 적주피/추피]. Current matching count: 10
[2026-03-09 00:02:31] No new listings [귀걸이 공퍼/무공퍼]. Current matching count: 17
[2026-03-09 00:02:31] No new listings [반지 치적/치피]. Current matching count: 25
[2026-03-09 00:02:32] HTTP error 401: {"Message":"Authorization has been denied for this request."}
[2026-03-09 00:03:32] No new listings [목걸이 적주피/추피]. Current matching count: 10
[2026-03-09 00:03:32] No new listings [귀걸이 공퍼/무공퍼]. Current matching count: 17
[2026-03-09 00:03:32] HTTP error 401: {"Message":"Authorization has been denied for this request."}
[2026-03-09 00:03:32] No new listings [반지 치적/치피]. Current matching count: 24
[2026-03-09 00:04:32] HTTP error 401: {"Message":"Authorization has been denied for this request."}
[2026-03-09 00:04:33] NEW_LISTINGS [목걸이 적주피/추피] 1 found
[2026-03-09 00:04:33]   도래한 결전의 목걸이 | price=2550000 | quality=94 | trades=1 | upgrade=3 | stat=17831 | extra=최대 생명력 1300 | ends=2026-03-10T00:04:09.703
[2026-03-09 00:04:34] No new listings [귀걸이 공퍼/무공퍼]. Current matching count: 17
[2026-03-09 00:04:34] No new listings [반지 치적/치피]. Current matching count: 24
[2026-03-09 00:05:32] HTTP error 401: {"Message":"Authorization has been denied for this request."}
[2026-03-09 00:05:34] No new listings [목걸이 적주피/추피]. Current matching count: 11
[2026-03-09 00:05:35] No new listings [귀걸이 공퍼/무공퍼]. Current matching count: 17
[2026-03-09 00:05:35] No new listings [반지 치적/치피]. Current matching count: 24
[2026-03-09 00:06:32] HTTP error 401: {"Message":"Authorization has been denied for this request."}
[2026-03-09 00:06:36] No new listings [목걸이 적주피/추피]. Current matching count: 11
[2026-03-09 00:06:36] No new listings [귀걸이 공퍼/무공퍼]. Current matching count: 17
[2026-03-09 00:06:36] No new listings [반지 치적/치피]. Current matching count: 24
[2026-03-09 00:07:33] HTTP error 401: {"Message":"Authorization has been denied for this request."}
[2026-03-09 00:07:37] No new listings [목걸이 적주피/추피]. Current matching count: 11
[2026-03-09 00:07:37] No new listings [귀걸이 공퍼/무공퍼]. Current matching count: 17
[2026-03-09 00:07:37] No new listings [반지 치적/치피]. Current matching count: 24
[2026-03-09 00:08:33] HTTP error 401: {"Message":"Authorization has been denied for this request."}
[2026-03-09 00:08:38] No new listings [목걸이 적주피/추피]. Current matching count: 11
[2026-03-09 00:08:38] No new listings [귀걸이 공퍼/무공퍼]. Current matching count: 17
[2026-03-09 00:08:39] No new listings [반지 치적/치피]. Current matching count: 24
[2026-03-09 00:09:33] HTTP error 401: {"Message":"Authorization has been denied for this request."}
[2026-03-09 00:09:39] No new listings [목걸이 적주피/추피]. Current matching count: 11
[2026-03-09 00:09:39] No new listings [귀걸이 공퍼/무공퍼]. Current matching count: 17
[2026-03-09 00:09:40] No new listings [반지 치적/치피]. Current matching count: 24
[2026-03-09 00:10:33] HTTP error 401: {"Message":"Authorization has been denied for this request."}
[2026-03-09 00:10:40] No new listings [목걸이 적주피/추피]. Current matching count: 10
[2026-03-09 00:10:40] No new listings [귀걸이 공퍼/무공퍼]. Current matching count: 17
[2026-03-09 00:10:41] No new listings [반지 치적/치피]. Current matching count: 24
[2026-03-09 00:11:33] HTTP error 401: {"Message":"Authorization has been denied for this request."}
[2026-03-09 00:11:42] NEW_LISTINGS [목걸이 적주피/추피] 1 found
[2026-03-09 00:11:42]   도래한 결전의 목걸이 | price=4000000 | quality=89 | trades=0 | upgrade=3 | stat=17831 | extra=무기 공격력 960 | ends=2026-03-10T00:10:44.03
[2026-03-09 00:11:42] No new listings [귀걸이 공퍼/무공퍼]. Current matching count: 17
[2026-03-09 00:11:42] No new listings [반지 치적/치피]. Current matching count: 24
[2026-03-09 00:12:33] HTTP error 401: {"Message":"Authorization has been denied for this request."}
[2026-03-09 00:12:43] No new listings [목걸이 적주피/추피]. Current matching count: 11
[2026-03-09 00:12:43] No new listings [귀걸이 공퍼/무공퍼]. Current matching count: 17
[2026-03-09 00:12:43] No new listings [반지 치적/치피]. Current matching count: 24
[2026-03-09 00:13:33] HTTP error 401: {"Message":"Authorization has been denied for this request."}
[2026-03-09 00:13:44] No new listings [목걸이 적주피/추피]. Current matching count: 11
[2026-03-09 00:13:44] No new listings [귀걸이 공퍼/무공퍼]. Current matching count: 17
[2026-03-09 00:13:44] No new listings [반지 치적/치피]. Current matching count: 24
[2026-03-09 00:14:33] HTTP error 401: {"Message":"Authorization has been denied for this request."}
[2026-03-09 00:14:45] No new listings [목걸이 적주피/추피]. Current matching count: 11
[2026-03-09 00:14:45] No new listings [귀걸이 공퍼/무공퍼]. Current matching count: 17
[2026-03-09 00:14:46] No new listings [반지 치적/치피]. Current matching count: 24
[2026-03-09 00:15:33] HTTP error 401: {"Message":"Authorization has been denied for this request."}
[2026-03-09 00:15:46] No new listings [목걸이 적주피/추피]. Current matching count: 11
[2026-03-09 00:15:46] No new listings [귀걸이 공퍼/무공퍼]. Current matching count: 17
[2026-03-09 00:15:47] No new listings [반지 치적/치피]. Current matching count: 24
[2026-03-09 00:16:33] HTTP error 401: {"Message":"Authorization has been denied for this request."}
[2026-03-09 00:16:47] No new listings [목걸이 적주피/추피]. Current matching count: 11
[2026-03-09 00:16:48] No new listings [귀걸이 공퍼/무공퍼]. Current matching count: 17
[2026-03-09 00:16:48] No new listings [반지 치적/치피]. Current matching count: 24
[2026-03-09 00:17:33] HTTP error 401: {"Message":"Authorization has been denied for this request."}
[2026-03-09 00:17:49] No new listings [목걸이 적주피/추피]. Current matching count: 11
[2026-03-09 00:17:49] No new listings [귀걸이 공퍼/무공퍼]. Current matching count: 17
[2026-03-09 00:17:49] No new listings [반지 치적/치피]. Current matching count: 24
[2026-03-09 00:18:33] HTTP error 401: {"Message":"Authorization has been denied for this request."}
[2026-03-09 00:18:50] No new listings [목걸이 적주피/추피]. Current matching count: 11
[2026-03-09 00:18:50] No new listings [귀걸이 공퍼/무공퍼]. Current matching count: 17
[2026-03-09 00:18:51] No new listings [반지 치적/치피]. Current matching count: 24
[2026-03-09 00:19:33] HTTP error 401: {"Message":"Authorization has been denied for this request."}
[2026-03-09 00:19:51] No new listings [목걸이 적주피/추피]. Current matching count: 11
[2026-03-09 00:19:51] No new listings [귀걸이 공퍼/무공퍼]. Current matching count: 17
[2026-03-09 00:19:52] No new listings [반지 치적/치피]. Current matching count: 24
[2026-03-09 00:20:33] HTTP error 401: {"Message":"Authorization has been denied for this request."}
[2026-03-09 00:20:52] No new listings [목걸이 적주피/추피]. Current matching count: 11
[2026-03-09 00:20:53] No new listings [귀걸이 공퍼/무공퍼]. Current matching count: 17
[2026-03-09 00:20:53] No new listings [반지 치적/치피]. Current matching count: 24
[2026-03-09 00:21:33] HTTP error 401: {"Message":"Authorization has been denied for this request."}
[2026-03-09 00:21:54] No new listings [목걸이 적주피/추피]. Current matching count: 11
[2026-03-09 00:21:54] No new listings [귀걸이 공퍼/무공퍼]. Current matching count: 17
[2026-03-09 00:21:55] No new listings [반지 치적/치피]. Current matching count: 24
[2026-03-09 00:22:33] HTTP error 401: {"Message":"Authorization has been denied for this request."}
[2026-03-09 00:22:55] No new listings [목걸이 적주피/추피]. Current matching count: 11
[2026-03-09 00:22:55] No new listings [귀걸이 공퍼/무공퍼]. Current matching count: 17
[2026-03-09 00:22:56] No new listings [반지 치적/치피]. Current matching count: 24
[2026-03-09 00:23:33] HTTP error 401: {"Message":"Authorization has been denied for this request."}
[2026-03-09 00:23:56] No new listings [목걸이 적주피/추피]. Current matching count: 11
[2026-03-09 00:23:56] No new listings [귀걸이 공퍼/무공퍼]. Current matching count: 17
[2026-03-09 00:23:57] No new listings [반지 치적/치피]. Current matching count: 24
[2026-03-09 00:24:34] HTTP error 401: {"Message":"Authorization has been denied for this request."}
[2026-03-09 00:24:57] No new listings [목걸이 적주피/추피]. Current matching count: 11
[2026-03-09 00:24:57] No new listings [귀걸이 공퍼/무공퍼]. Current matching count: 17
[2026-03-09 00:24:58] No new listings [반지 치적/치피]. Current matching count: 24
[2026-03-09 00:25:34] HTTP error 401: {"Message":"Authorization has been denied for this request."}
[2026-03-09 00:25:58] No new listings [목걸이 적주피/추피]. Current matching count: 11
[2026-03-09 00:25:59] No new listings [귀걸이 공퍼/무공퍼]. Current matching count: 17
[2026-03-09 00:25:59] No new listings [반지 치적/치피]. Current matching count: 24
[2026-03-09 00:26:34] HTTP error 401: {"Message":"Authorization has been denied for this request."}
[2026-03-09 00:27:00] NEW_LISTINGS [목걸이 적주피/추피] 1 found
[2026-03-09 00:27:00]   도래한 결전의 목걸이 | price=3100000 | quality=99 | trades=2 | upgrade=3 | stat=17857 | extra=상태이상 공격 지속시간 0.2% | ends=2026-03-10T00:26:29.803
[2026-03-09 00:27:00] No new listings [귀걸이 공퍼/무공퍼]. Current matching count: 17
[2026-03-09 00:27:01] No new listings [반지 치적/치피]. Current matching count: 24
[2026-03-09 00:27:34] HTTP error 401: {"Message":"Authorization has been denied for this request."}
[2026-03-09 00:28:01] No new listings [목걸이 적주피/추피]. Current matching count: 12
[2026-03-09 00:28:02] No new listings [귀걸이 공퍼/무공퍼]. Current matching count: 17
[2026-03-09 00:28:02] No new listings [반지 치적/치피]. Current matching count: 24
[2026-03-09 00:28:34] HTTP error 401: {"Message":"Authorization has been denied for this request."}
[2026-03-09 00:29:02] No new listings [목걸이 적주피/추피]. Current matching count: 12
[2026-03-09 00:29:03] No new listings [귀걸이 공퍼/무공퍼]. Current matching count: 17
[2026-03-09 00:29:03] No new listings [반지 치적/치피]. Current matching count: 24
[2026-03-09 00:29:34] HTTP error 401: {"Message":"Authorization has been denied for this request."}
[2026-03-09 00:30:04] No new listings [목걸이 적주피/추피]. Current matching count: 12
[2026-03-09 00:30:04] No new listings [귀걸이 공퍼/무공퍼]. Current matching count: 17
[2026-03-09 00:30:04] No new listings [반지 치적/치피]. Current matching count: 24
[2026-03-09 00:30:34] HTTP error 401: {"Message":"Authorization has been denied for this request."}
[2026-03-09 00:31:05] No new listings [목걸이 적주피/추피]. Current matching count: 12
[2026-03-09 00:31:05] No new listings [귀걸이 공퍼/무공퍼]. Current matching count: 17
[2026-03-09 00:31:05] No new listings [반지 치적/치피]. Current matching count: 24
[2026-03-09 00:31:34] HTTP error 401: {"Message":"Authorization has been denied for this request."}
[2026-03-09 00:32:06] No new listings [목걸이 적주피/추피]. Current matching count: 12
[2026-03-09 00:32:06] No new listings [귀걸이 공퍼/무공퍼]. Current matching count: 17
[2026-03-09 00:32:07] No new listings [반지 치적/치피]. Current matching count: 24
[2026-03-09 00:32:34] HTTP error 401: {"Message":"Authorization has been denied for this request."}
[2026-03-09 00:33:07] No new listings [목걸이 적주피/추피]. Current matching count: 12
[2026-03-09 00:33:07] No new listings [귀걸이 공퍼/무공퍼]. Current matching count: 17
[2026-03-09 00:33:08] No new listings [반지 치적/치피]. Current matching count: 24
[2026-03-09 00:33:34] HTTP error 401: {"Message":"Authorization has been denied for this request."}
[2026-03-09 00:34:08] No new listings [목걸이 적주피/추피]. Current matching count: 12
[2026-03-09 00:34:09] NEW_LISTINGS [귀걸이 공퍼/무공퍼] 1 found
[2026-03-09 00:34:09]   도래한 결전의 귀걸이 | price=2300000 | quality=94 | trades=2 | upgrade=3 | stat=13535 | extra=없음 | ends=2026-03-10T00:33:38.143
[2026-03-09 00:34:10] No new listings [반지 치적/치피]. Current matching count: 24
[2026-03-09 00:34:34] HTTP error 401: {"Message":"Authorization has been denied for this request."}
[2026-03-09 00:35:11] NEW_LISTINGS [목걸이 적주피/추피] 1 found
[2026-03-09 00:35:11]   마주한 종언의 목걸이 | price=3000000 | quality=99 | trades=2 | upgrade=3 | stat=17831 | extra=낙인력 2.15% | ends=2026-03-10T00:34:15.72
[2026-03-09 00:35:11] No new listings [귀걸이 공퍼/무공퍼]. Current matching count: 18
[2026-03-09 00:35:11] No new listings [반지 치적/치피]. Current matching count: 24
[2026-03-09 00:35:34] HTTP error 401: {"Message":"Authorization has been denied for this request."}
[2026-03-09 00:36:12] No new listings [목걸이 적주피/추피]. Current matching count: 13
[2026-03-09 00:36:12] No new listings [귀걸이 공퍼/무공퍼]. Current matching count: 18
[2026-03-09 00:36:13] No new listings [반지 치적/치피]. Current matching count: 24
[2026-03-09 00:36:34] HTTP error 401: {"Message":"Authorization has been denied for this request."}
[2026-03-09 00:37:13] No new listings [목걸이 적주피/추피]. Current matching count: 13
[2026-03-09 00:37:13] No new listings [귀걸이 공퍼/무공퍼]. Current matching count: 18
[2026-03-09 00:37:14] No new listings [반지 치적/치피]. Current matching count: 24
[2026-03-09 00:37:34] HTTP error 401: {"Message":"Authorization has been denied for this request."}
[2026-03-09 00:38:14] No new listings [목걸이 적주피/추피]. Current matching count: 13
[2026-03-09 00:38:14] No new listings [귀걸이 공퍼/무공퍼]. Current matching count: 18
[2026-03-09 00:38:15] NEW_LISTINGS [반지 치적/치피] 1 found
[2026-03-09 00:38:15]   도래한 결전의 반지 | price=3999999 | quality=80 | trades=1 | upgrade=3 | stat=12569 | extra=공격력 390 | ends=2026-03-10T00:38:06.753
[2026-03-09 00:38:34] HTTP error 401: {"Message":"Authorization has been denied for this request."}
[2026-03-09 00:39:16] No new listings [목걸이 적주피/추피]. Current matching count: 13
[2026-03-09 00:39:16] No new listings [귀걸이 공퍼/무공퍼]. Current matching count: 18
[2026-03-09 00:39:17] No new listings [반지 치적/치피]. Current matching count: 24
[2026-03-09 00:39:35] HTTP error 401: {"Message":"Authorization has been denied for this request."}
[2026-03-09 00:40:17] No new listings [목걸이 적주피/추피]. Current matching count: 13
[2026-03-09 00:40:17] No new listings [귀걸이 공퍼/무공퍼]. Current matching count: 18
[2026-03-09 00:40:18] No new listings [반지 치적/치피]. Current matching count: 24
[2026-03-09 00:40:35] HTTP error 401: {"Message":"Authorization has been denied for this request."}
[2026-03-09 00:41:18] No new listings [목걸이 적주피/추피]. Current matching count: 13
[2026-03-09 00:41:19] No new listings [귀걸이 공퍼/무공퍼]. Current matching count: 18
[2026-03-09 00:41:19] No new listings [반지 치적/치피]. Current matching count: 24
[2026-03-09 00:41:35] HTTP error 401: {"Message":"Authorization has been denied for this request."}
[2026-03-09 00:42:19] No new listings [목걸이 적주피/추피]. Current matching count: 13
[2026-03-09 00:42:20] No new listings [귀걸이 공퍼/무공퍼]. Current matching count: 18
[2026-03-09 00:42:20] No new listings [반지 치적/치피]. Current matching count: 24
[2026-03-09 00:42:35] HTTP error 401: {"Message":"Authorization has been denied for this request."}
[2026-03-09 00:43:20] No new listings [목걸이 적주피/추피]. Current matching count: 13
[2026-03-09 00:43:21] No new listings [귀걸이 공퍼/무공퍼]. Current matching count: 18
[2026-03-09 00:43:21] No new listings [반지 치적/치피]. Current matching count: 24
[2026-03-09 00:43:35] HTTP error 401: {"Message":"Authorization has been denied for this request."}
[2026-03-09 00:44:22] No new listings [목걸이 적주피/추피]. Current matching count: 13
[2026-03-09 00:44:22] No new listings [귀걸이 공퍼/무공퍼]. Current matching count: 18
[2026-03-09 00:44:22] No new listings [반지 치적/치피]. Current matching count: 24
[2026-03-09 00:44:35] HTTP error 401: {"Message":"Authorization has been denied for this request."}
[2026-03-09 00:45:23] No new listings [목걸이 적주피/추피]. Current matching count: 13
[2026-03-09 00:45:23] No new listings [귀걸이 공퍼/무공퍼]. Current matching count: 18
[2026-03-09 00:45:24] No new listings [반지 치적/치피]. Current matching count: 24
[2026-03-09 00:45:35] HTTP error 401: {"Message":"Authorization has been denied for this request."}
[2026-03-09 00:46:24] No new listings [목걸이 적주피/추피]. Current matching count: 13
[2026-03-09 00:46:24] No new listings [귀걸이 공퍼/무공퍼]. Current matching count: 18
[2026-03-09 00:46:25] No new listings [반지 치적/치피]. Current matching count: 24
[2026-03-09 00:46:35] HTTP error 401: {"Message":"Authorization has been denied for this request."}
[2026-03-09 00:47:25] No new listings [목걸이 적주피/추피]. Current matching count: 13
[2026-03-09 00:47:25] No new listings [귀걸이 공퍼/무공퍼]. Current matching count: 18
[2026-03-09 00:47:26] No new listings [반지 치적/치피]. Current matching count: 24
[2026-03-09 00:47:35] HTTP error 401: {"Message":"Authorization has been denied for this request."}
